Using pre-set license
Built from '2022.3/staging' branch; Version is '2022.3.22f1 (887be4894c44) revision 8944612'; Using compiler version '192829333'; Build Type 'Release'
OS: 'Windows 11  (10.0.26200) 64bit Core' Language: 'ja' Physical Memory: 32471 MB
BatchMode: 1, IsHumanControllingUs: 0, StartBugReporterOnCrash: 0, Is64bit: 1, IsPro: 1

COMMAND LINE ARGUMENTS:
C:\Program Files\Unity\Hub\Editor\2022.3.22f1\Editor\Unity.exe
-adb2
-batchMode
-noUpm
-name
AssetImportWorker0
-projectPath
C:/Users/marve/OneDrive/デスクトップ/自作/Bet-or-Die
-logFile
Logs/AssetImportWorker0.log
-srvPort
61281
Successfully changed project path to: C:/Users/marve/OneDrive/デスクトップ/自作/Bet-or-Die
C:/Users/marve/OneDrive/デスクトップ/自作/Bet-or-Die
[UnityMemory] Configuration Parameters - Can be set up in boot.config
    "memorysetup-bucket-allocator-granularity=16"
    "memorysetup-bucket-allocator-bucket-count=8"
    "memorysetup-bucket-allocator-block-size=33554432"
    "memorysetup-bucket-allocator-block-count=8"
    "memorysetup-main-allocator-block-size=16777216"
    "memorysetup-thread-allocator-block-size=16777216"
    "memorysetup-gfx-main-allocator-block-size=16777216"
    "memorysetup-gfx-thread-allocator-block-size=16777216"
    "memorysetup-cache-allocator-block-size=4194304"
    "memorysetup-typetree-allocator-block-size=2097152"
    "memorysetup-profiler-bucket-allocator-granularity=16"
    "memorysetup-profiler-bucket-allocator-bucket-count=8"
    "memorysetup-profiler-bucket-allocator-block-size=33554432"
    "memorysetup-profiler-bucket-allocator-block-count=8"
    "memorysetup-profiler-allocator-block-size=16777216"
    "memorysetup-profiler-editor-allocator-block-size=1048576"
    "memorysetup-temp-allocator-size-main=16777216"
    "memorysetup-job-temp-allocator-block-size=2097152"
    "memorysetup-job-temp-allocator-block-size-background=1048576"
    "memorysetup-job-temp-allocator-reduction-small-platforms=262144"
    "memorysetup-allocator-temp-initial-block-size-main=262144"
    "memorysetup-allocator-temp-initial-block-size-worker=262144"
    "memorysetup-temp-allocator-size-background-worker=32768"
    "memorysetup-temp-allocator-size-job-worker=262144"
    "memorysetup-temp-allocator-size-preload-manager=33554432"
    "memorysetup-temp-allocator-size-nav-mesh-worker=65536"
    "memorysetup-temp-allocator-size-audio-worker=65536"
    "memorysetup-temp-allocator-size-cloud-worker=32768"
    "memorysetup-temp-allocator-size-gi-baking-worker=262144"
    "memorysetup-temp-allocator-size-gfx=262144"
Player connection [20700] Host "[IP] 10.96.4.65 [Port] 0 [Flags] 2 [Guid] 4092967761 [EditorId] 4092967761 [Version] 1048832 [Id] WindowsEditor(7,vgansakaki) [Debug] 1 [PackageName] WindowsEditor [ProjectName] Editor" joined multi-casting on [225.0.0.222:54997]...

Player connection [20700] Host "[IP] 10.96.4.65 [Port] 0 [Flags] 2 [Guid] 4092967761 [EditorId] 4092967761 [Version] 1048832 [Id] WindowsEditor(7,vgansakaki) [Debug] 1 [PackageName] WindowsEditor [ProjectName] Editor" joined alternative multi-casting on [225.0.0.222:34997]...

[Physics::Module] Initialized MultithreadedJobDispatcher with 15 workers.
Refreshing native plugins compatible for Editor in 16.12 ms, found 4 plugins.
Preloading 0 native plugins for Editor in 0.00 ms.
Initialize engine version: 2022.3.22f1 (887be4894c44)
[Subsystems] Discovering subsystems at path C:/Program Files/Unity/Hub/Editor/2022.3.22f1/Editor/Data/Resources/UnitySubsystems
[Subsystems] Discovering subsystems at path C:/Users/marve/OneDrive/デスクトップ/自作/Bet-or-Die/Assets
GfxDevice: creating device client; threaded=0; jobified=0
Direct3D:
    Version:  Direct3D 11.0 [level 11.1]
    Renderer: NVIDIA GeForce RTX 4060 Laptop GPU (ID=0x28a0)
    Vendor:   NVIDIA
    VRAM:     7957 MB
    Driver:   32.0.15.7700
Initialize mono
Mono path[0] = 'C:/Program Files/Unity/Hub/Editor/2022.3.22f1/Editor/Data/Managed'
Mono path[1] = 'C:/Program Files/Unity/Hub/Editor/2022.3.22f1/Editor/Data/MonoBleedingEdge/lib/mono/unityjit-win32'
Mono config path = 'C:/Program Files/Unity/Hub/Editor/2022.3.22f1/Editor/Data/MonoBleedingEdge/etc'
Using monoOptions --debugger-agent=transport=dt_socket,embedding=1,server=y,suspend=n,address=127.0.0.1:56136
Begin MonoManager ReloadAssembly
Registering precompiled unity dll's ...
Register platform support module: C:/Program Files/Unity/Hub/Editor/2022.3.22f1/Editor/Data/PlaybackEngines/AndroidPlayer/UnityEditor.Android.Extensions.dll
Register platform support module: C:/Program Files/Unity/Hub/Editor/2022.3.22f1/Editor/Data/PlaybackEngines/WindowsStandaloneSupport/UnityEditor.WindowsStandalone.Extensions.dll
Registered in 0.010077 seconds.
- Loaded All Assemblies, in  0.386 seconds
Native extension for WindowsStandalone target not found
Native extension for Android target not found
Mono: successfully reloaded assembly
- Finished resetting the current domain, in  0.373 seconds
Domain Reload Profiling: 757ms
	BeginReloadAssembly (119ms)
		ExecutionOrderSort (0ms)
		DisableScriptedObjects (0ms)
		BackupInstance (0ms)
		ReleaseScriptingObjects (0ms)
		CreateAndSetChildDomain (1ms)
	RebuildCommonClasses (36ms)
	RebuildNativeTypeToScriptingClass (10ms)
	initialDomainReloadingComplete (66ms)
	LoadAllAssembliesAndSetupDomain (152ms)
		LoadAssemblies (117ms)
		RebuildTransferFunctionScriptingTraits (0ms)
		AnalyzeDomain (149ms)
			TypeCache.Refresh (147ms)
				TypeCache.ScanAssembly (134ms)
			ScanForSourceGeneratedMonoScriptInfo (0ms)
			ResolveRequiredComponents (1ms)
	FinalizeReload (374ms)
		ReleaseScriptCaches (0ms)
		RebuildScriptCaches (0ms)
		SetupLoadedEditorAssemblies (310ms)
			LogAssemblyErrors (0ms)
			InitializePlatformSupportModulesInManaged (93ms)
			SetLoadedEditorAssemblies (6ms)
			RefreshPlugins (0ms)
			BeforeProcessingInitializeOnLoad (3ms)
			ProcessInitializeOnLoadAttributes (150ms)
			ProcessInitializeOnLoadMethodAttributes (58ms)
			AfterProcessingInitializeOnLoad (0ms)
			EditorAssembliesLoaded (0ms)
		ExecutionOrderSort2 (0ms)
		AwakeInstancesAfterBackupRestoration (0ms)
========================================================================
Worker process is ready to serve import requests
Begin MonoManager ReloadAssembly
- Loaded All Assemblies, in  2.937 seconds
Refreshing native plugins compatible for Editor in 9.72 ms, found 4 plugins.
Native extension for WindowsStandalone target not found
Native extension for Android target not found
Mono: successfully reloaded assembly
- Finished resetting the current domain, in  1.122 seconds
Domain Reload Profiling: 4054ms
	BeginReloadAssembly (194ms)
		ExecutionOrderSort (0ms)
		DisableScriptedObjects (8ms)
		BackupInstance (0ms)
		ReleaseScriptingObjects (0ms)
		CreateAndSetChildDomain (25ms)
	RebuildCommonClasses (53ms)
	RebuildNativeTypeToScriptingClass (15ms)
	initialDomainReloadingComplete (73ms)
	LoadAllAssembliesAndSetupDomain (2595ms)
		LoadAssemblies (2451ms)
		RebuildTransferFunctionScriptingTraits (0ms)
		AnalyzeDomain (266ms)
			TypeCache.Refresh (234ms)
				TypeCache.ScanAssembly (217ms)
			ScanForSourceGeneratedMonoScriptInfo (23ms)
			ResolveRequiredComponents (6ms)
	FinalizeReload (1123ms)
		ReleaseScriptCaches (0ms)
		RebuildScriptCaches (0ms)
		SetupLoadedEditorAssemblies (828ms)
			LogAssemblyErrors (0ms)
			InitializePlatformSupportModulesInManaged (43ms)
			SetLoadedEditorAssemblies (8ms)
			RefreshPlugins (0ms)
			BeforeProcessingInitializeOnLoad (146ms)
			ProcessInitializeOnLoadAttributes (582ms)
			ProcessInitializeOnLoadMethodAttributes (37ms)
			AfterProcessingInitializeOnLoad (11ms)
			EditorAssembliesLoaded (0ms)
		ExecutionOrderSort2 (0ms)
		AwakeInstancesAfterBackupRestoration (13ms)
Launched and connected shader compiler UnityShaderCompiler.exe after 0.09 seconds
Refreshing native plugins compatible for Editor in 9.59 ms, found 4 plugins.
Preloading 0 native plugins for Editor in 0.00 ms.
Unloading 3578 Unused Serialized files (Serialized files now loaded: 0)
Unloading 43 unused Assets / (61.2 KB). Loaded Objects now: 4035.
Memory consumption went from 135.9 MB to 135.8 MB.
Total: 5.839400 ms (FindLiveObjects: 0.248500 ms CreateObjectMapping: 0.131900 ms MarkObjects: 5.321700 ms  DeleteObjects: 0.135600 ms)

AssetImportParameters requested are different than current active one (requested -> active):
  custom:container-demuxer-ogg: 62fdf1f143b41e24485cea50d1cbac27 -> 
  custom:video-codec-MediaFoundation-h265: 746d11721c4dcdbdad8f713fa42b33f4 -> 
  custom:video-decoder-ogg-theora: a1e56fd34408186e4bbccfd4996cb3dc -> 
  custom:framework-win-MediaFoundation: 216162199b28c13a410421893ffa2e32 -> 
  custom:CustomObjectIndexerAttribute: 9a22284fe3817be447336de3de66b15e -> 
  custom:container-demuxer-webm: 4f35f7cbe854078d1ac9338744f61a02 -> 
  custom:container-muxer-webm: aa71ff27fc2769a1b78a27578f13a17b -> 
  custom:video-decoder-webm-vp8: 9c59270c3fd7afecdb556c50c9e8de78 -> 
  custom:SearchIndexIgnoredProperties: e643bd26f0fe6173181afceb89e7c659 -> 
  custom:AudioImporter_EditorPlatform: d09bf68614088b80899f8185d706f6e7 -> 
  custom:video-encoder-webm-vp8: eb34c28f22e8b96e1ab97ce403110664 -> 
  custom:audio-decoder-ogg-vorbis: bf7c407c2cedff20999df2af8eb42d56 -> 
  custom:audio-encoder-webm-vorbis: bf7c407c2cedff20999df2af8eb42d56 -> 
========================================================================
Received Import Request.
  Time since last request: 2538002.771605 seconds.
  path: Assets/Scripts
  artifactKey: Guid(c077fa441d3741148a8202261f011ac5) Importer(815301076,1909f56bfc062723c751e8b465ee728b)
Start importing Assets/Scripts using Guid(c077fa441d3741148a8202261f011ac5) Importer(815301076,1909f56bfc062723c751e8b465ee728b)  -> (artifact id: '0a52bc73a631bfaef1a2558987f3fc80') in 0.005879 seconds
Number of updated asset objects reloaded before import = 0
Number of asset objects unloaded after import = 0
========================================================================
Received Import Request.
  Time since last request: 16.853985 seconds.
  path: Assets
  artifactKey: Guid(00000000000000001000000000000000) Importer(815301076,1909f56bfc062723c751e8b465ee728b)
Start importing Assets using Guid(00000000000000001000000000000000) Importer(815301076,1909f56bfc062723c751e8b465ee728b)  -> (artifact id: '8a4fe85251aa2e89732c359432baa2c3') in 0.000550 seconds
Number of updated asset objects reloaded before import = 0
Number of asset objects unloaded after import = 0
========================================================================
Received Import Request.
  Time since last request: 3.963352 seconds.
  path: Assets/Prefab
  artifactKey: Guid(4c99709fe6536464dac00f530373bc3f) Importer(815301076,1909f56bfc062723c751e8b465ee728b)
Start importing Assets/Prefab using Guid(4c99709fe6536464dac00f530373bc3f) Importer(815301076,1909f56bfc062723c751e8b465ee728b)  -> (artifact id: '79a7f2129946b865868fdbd401972cdb') in 0.000567 seconds
Number of updated asset objects reloaded before import = 0
Number of asset objects unloaded after import = 0
========================================================================
Received Import Request.
  Time since last request: 29.644921 seconds.
  path: Assets/Prefab/BlackjackData.asset
  artifactKey: Guid(ba0056aecb4336643bf4552433d22251) Importer(815301076,1909f56bfc062723c751e8b465ee728b)
Start importing Assets/Prefab/BlackjackData.asset using Guid(ba0056aecb4336643bf4552433d22251) Importer(815301076,1909f56bfc062723c751e8b465ee728b)  -> (artifact id: '50826e083ec130085ab06ae4ade4dc89') in 0.010848 seconds
Number of updated asset objects reloaded before import = 0
Number of asset objects unloaded after import = 1
========================================================================
Received Import Request.
  Time since last request: 4.378783 seconds.
  path: Assets/Prefab/RouletteData.asset
  artifactKey: Guid(d3e422c008383b049b3160628dc43823) Importer(815301076,1909f56bfc062723c751e8b465ee728b)
Start importing Assets/Prefab/RouletteData.asset using Guid(d3e422c008383b049b3160628dc43823) Importer(815301076,1909f56bfc062723c751e8b465ee728b)  -> (artifact id: 'a391b7bf10d6235f475f7ca153482b37') in 0.001585 seconds
Number of updated asset objects reloaded before import = 0
Number of asset objects unloaded after import = 1
========================================================================
Received Import Request.
  Time since last request: 3.298754 seconds.
  path: Assets/Prefab/DemonData.asset
  artifactKey: Guid(c33411664df751740858b3d3d80f6cef) Importer(815301076,1909f56bfc062723c751e8b465ee728b)
Start importing Assets/Prefab/DemonData.asset using Guid(c33411664df751740858b3d3d80f6cef) Importer(815301076,1909f56bfc062723c751e8b465ee728b)  -> (artifact id: 'f5c4c7b7df9a5023716c26e8782605f1') in 0.001430 seconds
Number of updated asset objects reloaded before import = 0
Number of asset objects unloaded after import = 1
========================================================================
Received Import Request.
  Time since last request: 2.838202 seconds.
  path: Assets/Prefab/StageConfig.asset
  artifactKey: Guid(d9fc05cf23f09ad45a13865c0f081dee) Importer(815301076,1909f56bfc062723c751e8b465ee728b)
Start importing Assets/Prefab/StageConfig.asset using Guid(d9fc05cf23f09ad45a13865c0f081dee) Importer(815301076,1909f56bfc062723c751e8b465ee728b)  -> (artifact id: '75e152738a4153b4a9dc3e0cba4719b8') in 0.001416 seconds
Number of updated asset objects reloaded before import = 0
Number of asset objects unloaded after import = 1
========================================================================
Received Import Request.
  Time since last request: 8.115945 seconds.
  path: Assets/Prefab/SlotData.asset
  artifactKey: Guid(82e546d74dc0cf541a46a12627083ae6) Importer(815301076,1909f56bfc062723c751e8b465ee728b)
Start importing Assets/Prefab/SlotData.asset using Guid(82e546d74dc0cf541a46a12627083ae6) Importer(815301076,1909f56bfc062723c751e8b465ee728b)  -> (artifact id: 'd4fa6703dac584bb09113132a47b6c19') in 0.001537 seconds
Number of updated asset objects reloaded before import = 0
Number of asset objects unloaded after import = 1
========================================================================
Received Import Request.
  Time since last request: 5.945965 seconds.
  path: Assets/Prefab/BaccaratData.asset
  artifactKey: Guid(b2f371a96a904a941a8a84321f3d7195) Importer(815301076,1909f56bfc062723c751e8b465ee728b)
Start importing Assets/Prefab/BaccaratData.asset using Guid(b2f371a96a904a941a8a84321f3d7195) Importer(815301076,1909f56bfc062723c751e8b465ee728b)  -> (artifact id: 'bae0584fda557d34a6f80ad205a164f6') in 0.001481 seconds
Number of updated asset objects reloaded before import = 0
Number of asset objects unloaded after import = 1
========================================================================
Received Import Request.
  Time since last request: 9.553292 seconds.
  path: Assets/Data
  artifactKey: Guid(d0905652b2fe5cd49a7a7a7c88d30032) Importer(815301076,1909f56bfc062723c751e8b465ee728b)
Start importing Assets/Data using Guid(d0905652b2fe5cd49a7a7a7c88d30032) Importer(815301076,1909f56bfc062723c751e8b465ee728b)  -> (artifact id: '2ecf14351fc62207d3a2d61fba40b729') in 0.000627 seconds
Number of updated asset objects reloaded before import = 0
Number of asset objects unloaded after import = 0
========================================================================
Received Import Request.
  Time since last request: 8.481842 seconds.
  path: Assets/Data/Gamble
  artifactKey: Guid(304b9c9819525514aaeda4a0ad7a67fc) Importer(815301076,1909f56bfc062723c751e8b465ee728b)
Start importing Assets/Data/Gamble using Guid(304b9c9819525514aaeda4a0ad7a67fc) Importer(815301076,1909f56bfc062723c751e8b465ee728b)  -> (artifact id: '7d8413e2590a05a4ee8597d41abec01e') in 0.000563 seconds
Number of updated asset objects reloaded before import = 0
Number of asset objects unloaded after import = 0
========================================================================
Received Import Request.
  Time since last request: 11.452582 seconds.
  path: Assets/Data/Gamble/ChinchiroData.asset
  artifactKey: Guid(2ef6abf4b7c77fd498ccb9475feeacbf) Importer(815301076,1909f56bfc062723c751e8b465ee728b)
Start importing Assets/Data/Gamble/ChinchiroData.asset using Guid(2ef6abf4b7c77fd498ccb9475feeacbf) Importer(815301076,1909f56bfc062723c751e8b465ee728b)  -> (artifact id: '611c3680488b0538df58071c64e96bce') in 0.001519 seconds
Number of updated asset objects reloaded before import = 0
Number of asset objects unloaded after import = 1
========================================================================
Received Import Request.
  Time since last request: 5.025883 seconds.
  path: Assets/Data/Gamble/AnimalRaceData.asset
  artifactKey: Guid(047a6feac5691634f84915ae4e1f38f5) Importer(815301076,1909f56bfc062723c751e8b465ee728b)
Start importing Assets/Data/Gamble/AnimalRaceData.asset using Guid(047a6feac5691634f84915ae4e1f38f5) Importer(815301076,1909f56bfc062723c751e8b465ee728b)  -> (artifact id: '08315a70673d94b38af6e1f986927143') in 0.001783 seconds
Number of updated asset objects reloaded before import = 0
Number of asset objects unloaded after import = 1
========================================================================
Received Import Request.
  Time since last request: 4.703321 seconds.
  path: Assets/Data/Gamble/ChoHanData.asset
  artifactKey: Guid(f1bb4e6dc167c6f4bb8c6a4a60b5b249) Importer(815301076,1909f56bfc062723c751e8b465ee728b)
Start importing Assets/Data/Gamble/ChoHanData.asset using Guid(f1bb4e6dc167c6f4bb8c6a4a60b5b249) Importer(815301076,1909f56bfc062723c751e8b465ee728b)  -> (artifact id: 'd5a44e7e8efed6e4b3e3d239c9abd99c') in 0.001917 seconds
Number of updated asset objects reloaded before import = 0
Number of asset objects unloaded after import = 1
========================================================================
Received Import Request.
  Time since last request: 7.529805 seconds.
  path: Assets/Data/EventRoomConfig.asset
  artifactKey: Guid(0b5084c13327e5c4c94151f41e77e6e8) Importer(815301076,1909f56bfc062723c751e8b465ee728b)
Start importing Assets/Data/EventRoomConfig.asset using Guid(0b5084c13327e5c4c94151f41e77e6e8) Importer(815301076,1909f56bfc062723c751e8b465ee728b)  -> (artifact id: 'de25ed85f5dedfe09d6c9da657be2f09') in 0.001376 seconds
Number of updated asset objects reloaded before import = 0
Number of asset objects unloaded after import = 1
========================================================================
Received Import Request.
  Time since last request: 5.973995 seconds.
  path: Assets/Data/GameConfig.asset
  artifactKey: Guid(ffd6ae71963fa044aa68799e06497033) Importer(815301076,1909f56bfc062723c751e8b465ee728b)
Start importing Assets/Data/GameConfig.asset using Guid(ffd6ae71963fa044aa68799e06497033) Importer(815301076,1909f56bfc062723c751e8b465ee728b)  -> (artifact id: 'b3bf18f567a336f439f774da5290bca1') in 0.001527 seconds
Number of updated asset objects reloaded before import = 0
Number of asset objects unloaded after import = 1
========================================================================
Received Import Request.
  Time since last request: 14.969447 seconds.
  path: Assets/Data/Demon
  artifactKey: Guid(6fe2b140bd1857547b400a054fe46dd2) Importer(815301076,1909f56bfc062723c751e8b465ee728b)
Start importing Assets/Data/Demon using Guid(6fe2b140bd1857547b400a054fe46dd2) Importer(815301076,1909f56bfc062723c751e8b465ee728b)  -> (artifact id: '54976e90961b02d4ef6d349978e3571d') in 0.001134 seconds
Number of updated asset objects reloaded before import = 0
Number of asset objects unloaded after import = 0
========================================================================
Received Import Request.
  Time since last request: 7.833488 seconds.
  path: Assets/Data/Demon/Ammon.asset
  artifactKey: Guid(c33411664df751740858b3d3d80f6cef) Importer(815301076,1909f56bfc062723c751e8b465ee728b)
Start importing Assets/Data/Demon/Ammon.asset using Guid(c33411664df751740858b3d3d80f6cef) Importer(815301076,1909f56bfc062723c751e8b465ee728b)  -> (artifact id: 'a48f7948eaa50a42192e10ef961442ac') in 0.001411 seconds
Number of updated asset objects reloaded before import = 0
Number of asset objects unloaded after import = 1
========================================================================
Received Import Request.
  Time since last request: 15.387790 seconds.
  path: Assets/Data/Demon/Amon.asset
  artifactKey: Guid(c33411664df751740858b3d3d80f6cef) Importer(815301076,1909f56bfc062723c751e8b465ee728b)
Start importing Assets/Data/Demon/Amon.asset using Guid(c33411664df751740858b3d3d80f6cef) Importer(815301076,1909f56bfc062723c751e8b465ee728b)  -> (artifact id: '083a7074e6cefecae45654161cf87769') in 0.001287 seconds
Number of updated asset objects reloaded before import = 0
Number of asset objects unloaded after import = 1
========================================================================
Received Import Request.
  Time since last request: 26.385921 seconds.
  path: Assets/Data/Demon/Stras.asset
  artifactKey: Guid(48510e4fce6cad94fab30565407f5e5d) Importer(815301076,1909f56bfc062723c751e8b465ee728b)
Start importing Assets/Data/Demon/Stras.asset using Guid(48510e4fce6cad94fab30565407f5e5d) Importer(815301076,1909f56bfc062723c751e8b465ee728b)  -> (artifact id: 'c852953bf2b008dda0a2b6df5c24d104') in 0.001325 seconds
Number of updated asset objects reloaded before import = 0
Number of asset objects unloaded after import = 1
========================================================================
Received Import Request.
  Time since last request: 2.682178 seconds.
  path: Assets/Data/Demon/Stras 1.asset
  artifactKey: Guid(844c7793c479c1842badd85354acc801) Importer(815301076,1909f56bfc062723c751e8b465ee728b)
Start importing Assets/Data/Demon/Stras 1.asset using Guid(844c7793c479c1842badd85354acc801) Importer(815301076,1909f56bfc062723c751e8b465ee728b)  -> (artifact id: '2e2933a071a8ebe0ed99bf4913792c08') in 0.001557 seconds
Number of updated asset objects reloaded before import = 0
Number of asset objects unloaded after import = 1
========================================================================
Received Import Request.
  Time since last request: 5.266032 seconds.
  path: Assets/Data/Demon/Mammon.asset
  artifactKey: Guid(844c7793c479c1842badd85354acc801) Importer(815301076,1909f56bfc062723c751e8b465ee728b)
Start importing Assets/Data/Demon/Mammon.asset using Guid(844c7793c479c1842badd85354acc801) Importer(815301076,1909f56bfc062723c751e8b465ee728b)  -> (artifact id: '4ece2751f2f6b6c9985f22b2af26cd37') in 0.001159 seconds
Number of updated asset objects reloaded before import = 0
Number of asset objects unloaded after import = 1
========================================================================
Received Import Request.
  Time since last request: 8.352438 seconds.
  path: Assets/Data/Demon/Stras 1.asset
  artifactKey: Guid(1efd3806f6ceeb6479a5d6ac14194b50) Importer(815301076,1909f56bfc062723c751e8b465ee728b)
Start importing Assets/Data/Demon/Stras 1.asset using Guid(1efd3806f6ceeb6479a5d6ac14194b50) Importer(815301076,1909f56bfc062723c751e8b465ee728b)  -> (artifact id: '5173782a21ade482ae6baef71ce3f941') in 0.001227 seconds
Number of updated asset objects reloaded before import = 0
Number of asset objects unloaded after import = 1
========================================================================
Received Import Request.
  Time since last request: 7.253761 seconds.
  path: Assets/Data/Demon/Belfeboal.asset
  artifactKey: Guid(1efd3806f6ceeb6479a5d6ac14194b50) Importer(815301076,1909f56bfc062723c751e8b465ee728b)
Start importing Assets/Data/Demon/Belfeboal.asset using Guid(1efd3806f6ceeb6479a5d6ac14194b50) Importer(815301076,1909f56bfc062723c751e8b465ee728b)  -> (artifact id: '5d37a1a51be7b21423f882ee9c4db70f') in 0.001209 seconds
Number of updated asset objects reloaded before import = 0
Number of asset objects unloaded after import = 1
========================================================================
Received Import Request.
  Time since last request: 11.937379 seconds.
  path: Assets/Data/Demon/Belphegor.asset
  artifactKey: Guid(1efd3806f6ceeb6479a5d6ac14194b50) Importer(815301076,1909f56bfc062723c751e8b465ee728b)
Start importing Assets/Data/Demon/Belphegor.asset using Guid(1efd3806f6ceeb6479a5d6ac14194b50) Importer(815301076,1909f56bfc062723c751e8b465ee728b)  -> (artifact id: '4ccd0951fbc3c1787d1c5009839c288b') in 0.001306 seconds
Number of updated asset objects reloaded before import = 0
Number of asset objects unloaded after import = 1
========================================================================
Received Prepare
Begin MonoManager ReloadAssembly
- Loaded All Assemblies, in  0.562 seconds
Refreshing native plugins compatible for Editor in 5.89 ms, found 4 plugins.
Native extension for WindowsStandalone target not found
Native extension for Android target not found
Mono: successfully reloaded assembly
- Finished resetting the current domain, in  1.272 seconds
Domain Reload Profiling: 1831ms
	BeginReloadAssembly (182ms)
		ExecutionOrderSort (0ms)
		DisableScriptedObjects (7ms)
		BackupInstance (0ms)
		ReleaseScriptingObjects (0ms)
		CreateAndSetChildDomain (42ms)
	RebuildCommonClasses (32ms)
	RebuildNativeTypeToScriptingClass (10ms)
	initialDomainReloadingComplete (33ms)
	LoadAllAssembliesAndSetupDomain (301ms)
		LoadAssemblies (363ms)
		RebuildTransferFunctionScriptingTraits (0ms)
		AnalyzeDomain (26ms)
			TypeCache.Refresh (9ms)
				TypeCache.ScanAssembly (1ms)
			ScanForSourceGeneratedMonoScriptInfo (7ms)
			ResolveRequiredComponents (7ms)
	FinalizeReload (1273ms)
		ReleaseScriptCaches (0ms)
		RebuildScriptCaches (0ms)
		SetupLoadedEditorAssemblies (530ms)
			LogAssemblyErrors (0ms)
			InitializePlatformSupportModulesInManaged (34ms)
			SetLoadedEditorAssemblies (6ms)
			RefreshPlugins (0ms)
			BeforeProcessingInitializeOnLoad (101ms)
			ProcessInitializeOnLoadAttributes (360ms)
			ProcessInitializeOnLoadMethodAttributes (22ms)
			AfterProcessingInitializeOnLoad (8ms)
			EditorAssembliesLoaded (0ms)
		ExecutionOrderSort2 (0ms)
		AwakeInstancesAfterBackupRestoration (6ms)
Refreshing native plugins compatible for Editor in 8.33 ms, found 4 plugins.
Preloading 0 native plugins for Editor in 0.00 ms.
Unloading 3616 Unused Serialized files (Serialized files now loaded: 0)
Unloading 47 unused Assets / (0.7 MB). Loaded Objects now: 4074.
Memory consumption went from 140.6 MB to 139.8 MB.
Total: 3.219100 ms (FindLiveObjects: 0.213200 ms CreateObjectMapping: 0.083800 ms MarkObjects: 2.512500 ms  DeleteObjects: 0.408300 ms)

Prepare: number of updated asset objects reloaded= 0
AssetImportParameters requested are different than current active one (requested -> active):
  custom:container-demuxer-ogg: 62fdf1f143b41e24485cea50d1cbac27 -> 
  custom:video-codec-MediaFoundation-h265: 746d11721c4dcdbdad8f713fa42b33f4 -> 
  custom:video-decoder-ogg-theora: a1e56fd34408186e4bbccfd4996cb3dc -> 
  custom:framework-win-MediaFoundation: 216162199b28c13a410421893ffa2e32 -> 
  custom:CustomObjectIndexerAttribute: 9a22284fe3817be447336de3de66b15e -> 
  custom:container-demuxer-webm: 4f35f7cbe854078d1ac9338744f61a02 -> 
  custom:container-muxer-webm: aa71ff27fc2769a1b78a27578f13a17b -> 
  custom:video-decoder-webm-vp8: 9c59270c3fd7afecdb556c50c9e8de78 -> 
  custom:SearchIndexIgnoredProperties: e643bd26f0fe6173181afceb89e7c659 -> 
  custom:AudioImporter_EditorPlatform: d09bf68614088b80899f8185d706f6e7 -> 
  custom:video-encoder-webm-vp8: eb34c28f22e8b96e1ab97ce403110664 -> 
  custom:audio-decoder-ogg-vorbis: bf7c407c2cedff20999df2af8eb42d56 -> 
  custom:audio-encoder-webm-vorbis: bf7c407c2cedff20999df2af8eb42d56 -> 
